2024-11-15 14:50:59 INFO  com.sd.productosapi.ProductosApiApplication - Starting ProductosApiApplication using Java 17.0.10 with PID 12636 (C:\Users\Administrador\Desktop\Parcial-programacion-main\productosapi\target\classes started by Administrador in C:\Users\Administrador\Desktop\Parcial-programacion-main\productosapi)
2024-11-15 14:50:59 INFO  com.sd.productosapi.ProductosApiApplication - No active profile set, falling back to 1 default profile: "default"
2024-11-15 14:51:00 INFO  org.springframework.data.repository.config.RepositoryConfigurationDelegate - Bootstrapping Spring Data JPA repositories in DEFAULT mode.
2024-11-15 14:51:00 INFO  org.springframework.data.repository.config.RepositoryConfigurationDelegate - Finished Spring Data repository scanning in 55 ms. Found 1 JPA repository interface.
2024-11-15 14:51:01 INFO  org.springframework.boot.web.embedded.tomcat.TomcatWebServer - Tomcat initialized with port 8089 (http)
2024-11-15 14:51:01 INFO  org.apache.coyote.http11.Http11NioProtocol - Initializing ProtocolHandler ["http-nio-8089"]
2024-11-15 14:51:01 INFO  org.apache.catalina.core.StandardService - Starting service [Tomcat]
2024-11-15 14:51:01 INFO  org.apache.catalina.core.StandardEngine - Starting Servlet engine: [Apache Tomcat/10.1.30]
2024-11-15 14:51:01 INFO  org.apache.catalina.core.ContainerBase.[Tomcat].[localhost].[/] - Initializing Spring embedded WebApplicationContext
2024-11-15 14:51:01 INFO  org.springframework.boot.web.servlet.context.ServletWebServerApplicationContext - Root WebApplicationContext: initialization completed in 2065 ms
2024-11-15 14:51:01 INFO  com.zaxxer.hikari.HikariDataSource - HikariPool-1 - Starting...
2024-11-15 14:51:02 INFO  com.zaxxer.hikari.pool.HikariPool - HikariPool-1 - Added connection conn0: url=jdbc:h2:mem:testdb user=ALVAREZLUCAS02
2024-11-15 14:51:02 INFO  com.zaxxer.hikari.HikariDataSource - HikariPool-1 - Start completed.
2024-11-15 14:51:02 INFO  org.springframework.boot.autoconfigure.h2.H2ConsoleAutoConfiguration - H2 console available at '/h2-console'. Database available at 'jdbc:h2:mem:testdb'
2024-11-15 14:51:02 INFO  org.hibernate.jpa.internal.util.LogHelper - HHH000204: Processing PersistenceUnitInfo [name: default]
2024-11-15 14:51:02 INFO  org.hibernate.Version - HHH000412: Hibernate ORM core version 6.5.3.Final
2024-11-15 14:51:02 INFO  org.hibernate.cache.internal.RegionFactoryInitiator - HHH000026: Second-level cache disabled
2024-11-15 14:51:03 INFO  org.springframework.orm.jpa.persistenceunit.SpringPersistenceUnitInfo - No LoadTimeWeaver setup: ignoring JPA class transformer
2024-11-15 14:51:04 INFO  org.hibernate.engine.transaction.jta.platform.internal.JtaPlatformInitiator - HHH000489: No JTA platform available (set 'hibernate.transaction.jta.platform' to enable JTA platform integration)
2024-11-15 14:51:04 INFO  org.springframework.orm.jpa.LocalContainerEntityManagerFactoryBean - Initialized JPA EntityManagerFactory for persistence unit 'default'
2024-11-15 14:51:04 WARN  org.springframework.boot.autoconfigure.orm.jpa.JpaBaseConfiguration$JpaWebConfiguration - spring.jpa.open-in-view is enabled by default. Therefore, database queries may be performed during view rendering. Explicitly configure spring.jpa.open-in-view to disable this warning
2024-11-15 14:51:05 INFO  org.apache.coyote.http11.Http11NioProtocol - Starting ProtocolHandler ["http-nio-8089"]
2024-11-15 14:51:05 INFO  org.springframework.boot.web.embedded.tomcat.TomcatWebServer - Tomcat started on port 8089 (http) with context path '/'
2024-11-15 14:51:05 INFO  com.sd.productosapi.ProductosApiApplication - Started ProductosApiApplication in 6.185 seconds (process running for 7.441)
